2024-09-15 02:31:40,840 - INFO - Classes created successfully.
2024-09-15 02:31:40,843 - INFO - Internal school created successfully.
2024-09-15 02:31:40,865 - INFO - Classes for internal school created successfully.
2024-09-15 02:31:40,882 - INFO - School years created successfully.
2024-09-15 02:31:41,253 - INFO - Superuser created successfully.
2024-09-15 02:31:41,578 - INFO - Operator created successfully.
2024-09-15 02:31:41,642 - INFO - Permissions assigned successfully.
2024-09-15 02:33:59,433 - INFO - Classes created successfully.
2024-09-15 02:33:59,442 - INFO - Internal school created successfully.
2024-09-15 02:33:59,521 - INFO - Classes for internal school created successfully.
2024-09-15 02:33:59,575 - INFO - School years created successfully.
2024-09-15 02:34:00,025 - INFO - Superuser created successfully.
2024-09-15 02:34:00,376 - INFO - Operator created successfully.
2024-09-15 02:34:00,504 - INFO - Permissions assigned successfully.
2024-09-15 03:05:33,929 - INFO - Classes created successfully.
2024-09-15 03:05:33,941 - INFO - Internal school created successfully.
2024-09-15 03:05:34,014 - INFO - Classes for internal school created successfully.
2024-09-15 03:05:34,063 - INFO - School years created successfully.
2024-09-15 03:05:34,430 - INFO - Superuser created successfully.
2024-09-15 03:05:34,794 - INFO - Operator created successfully.
2024-09-15 03:05:34,947 - INFO - Permissions assigned successfully.
2024-09-15 03:32:05,138 - INFO - Classes created successfully.
2024-09-15 03:32:05,147 - INFO - Internal school created successfully.
2024-09-15 03:32:05,217 - INFO - Classes for internal school created successfully.
2024-09-15 03:32:05,277 - INFO - School years created successfully.
2024-09-15 03:32:05,605 - INFO - Superuser created successfully.
2024-09-15 03:32:05,959 - INFO - Operator created successfully.
2024-09-15 03:32:06,096 - INFO - Permissions assigned successfully.
2024-09-24 19:27:09,776 - INFO - Classes created successfully.
2024-09-24 19:27:09,781 - INFO - Internal school created successfully.
2024-09-24 19:27:09,795 - INFO - Classes for internal school created successfully.
2024-09-24 19:27:09,809 - INFO - School years created successfully.
2024-09-24 19:27:10,142 - INFO - Superuser created successfully.
2024-09-24 19:27:10,450 - INFO - Operator created successfully.
2024-09-24 19:27:10,489 - INFO - Permissions assigned successfully.
2024-09-24 23:01:20,338 - ERROR - Error during fixture setup: relation "scuelo_typeclasse" does not exist
LINE 1: ...e"."ordre", "scuelo_typeclasse"."type_ecole" FROM "scuelo_ty...
                                                             ^

2024-09-24 23:01:53,411 - INFO - Classes created successfully.
2024-09-24 23:01:53,419 - INFO - Internal school created successfully.
2024-09-24 23:01:53,491 - INFO - Classes for internal school created successfully.
2024-09-24 23:01:53,542 - INFO - School years created successfully.
2024-09-24 23:01:53,886 - INFO - Superuser created successfully.
2024-09-24 23:01:54,185 - INFO - Operator created successfully.
2024-09-24 23:01:54,330 - INFO - Permissions assigned successfully.
