INFO:root:Kabore Mouhaguidou exists in the database.
INFO:root:Kafando Carine exists in the database.
INFO:root:Ouedraogo Mohamed exists in the database.
INFO:root:Ilboudo Joel exists in the database.
ERROR:root:Kafando Salamata Kouka does NOT exist in the database.
INFO:root:Kiendrebeogo Elodie exists in the database.
INFO:root:Nacoulma Florentine exists in the database.
INFO:root:Nana Fadilatou exists in the database.
INFO:root:Ouedraogo Faical exists in the database.
INFO:root:Ouedraogo Obed exists in the database.
ERROR:root:Sam Abdoul Aquim does NOT exist in the database.
INFO:root:Wangrawa Nadia exists in the database.
INFO:root:Zoungrana Issa exists in the database.
ERROR:root:Congo Yacouba Robert does NOT exist in the database.
INFO:root:Kafando Salif exists in the database.
INFO:root:Yameogo Alassane exists in the database.
INFO:root:Alantinga Anselme exists in the database.
ERROR:root:Compaore W.Rene Astrid does NOT exist in the database.
INFO:root:Dabone Angele exists in the database.
ERROR:root:Kabre Abdoul Nassirou does NOT exist in the database.
INFO:root:Nikiema Tatiana exists in the database.
INFO:root:Sandwidi Tatiana exists in the database.
INFO:root:Sinare Mahamoudou exists in the database.
ERROR:root:Zangre Abdoul Rachid does NOT exist in the database.
ERROR:root:Zoungrana Ignace Wendpanga Olivier does NOT exist in the database.
INFO:root:Zoungrana Zenabo exists in the database.
INFO:root:Nikiema Mahamadi exists in the database.
ERROR:root:Ilboudo Benewendé Naomie does NOT exist in the database.
ERROR:root:Ilboudo Wendkouni Simplice does NOT exist in the database.
ERROR:root:Pafanam Natacha Erica does NOT exist in the database.
ERROR:root:Sawadogo Mimtury Nemata does NOT exist in the database.
INFO:root:Kiemtore Théophile exists in the database.
INFO:root:Ouedraogo Yasmina exists in the database.
INFO:root:Compaore Adjaratou exists in the database.
INFO:root:Koanda Pegwendé exists in the database.
INFO:root:Ilboudou Mathias exists in the database.
